# JRE version: OpenJDK Runtime Environment (15.0.1+9) (build 15.0.1+9-18)
# Java VM: OpenJDK 64-Bit Server VM (15.0.1+9-18, mixed mode, sharing, tiered, compressed oops, parallel gc, windows-amd64)
GC Precious Log:
 CPUs: 4 total, 4 available
 Memory: 8077M
 Large Page Support: Disabled
 NUMA Support: Disabled
 Compressed Oops: Enabled (32-bit)
 Heap Min Capacity: 100M
 Heap Initial Capacity: 100M
 Heap Max Capacity: 1G
 Pre-touch: Disabled
 Parallel Workers: 4
Heap:
 PSYoungGen      total 13312K, used 9176K [0x00000000eab00000, 0x00000000ec600000, 0x0000000100000000)
  eden space 4096K, 0% used [0x00000000eab00000,0x00000000eab00000,0x00000000eaf00000)
  from space 9216K, 99% used [0x00000000eaf00000,0x00000000eb7f6008,0x00000000eb800000)
  to   space 11264K, 0% used [0x00000000ebb00000,0x00000000ebb00000,0x00000000ec600000)
 ParOldGen       total 335872K, used 333748K [0x00000000c0000000, 0x00000000d4800000, 0x00000000eab00000)
  object space 335872K, 99% used [0x00000000c0000000,0x00000000d45ed2b0,0x00000000d4800000)
 Metaspace       used 70723K, capacity 74335K, committed 74544K, reserved 1116160K
  class space    used 6770K, capacity 7801K, committed 7808K, reserved 1048576K
GC Heap History (20 events):
Event: 134.581 GC heap after
{Heap after GC invocations=1111 (full 28):
 PSYoungGen      total 18944K, used 13685K [0x00000000eab00000, 0x00000000ecb80000, 0x0000000100000000)
  eden space 5120K, 0% used [0x00000000eab00000,0x00000000eab00000,0x00000000eb000000)
  from space 13824K, 99% used [0x00000000ebe00000,0x00000000ecb5d7e0,0x00000000ecb80000)
  to   space 13824K, 0% used [0x00000000eb000000,0x00000000eb000000,0x00000000ebd80000)
 ParOldGen       total 335872K, used 321734K [0x00000000c0000000, 0x00000000d4800000, 0x00000000eab00000)
  object space 335872K, 95% used [0x00000000c0000000,0x00000000d3a31a68,0x00000000d4800000)
 Metaspace       used 70593K, capacity 74207K, committed 74288K, reserved 1116160K
  class space    used 6768K, capacity 7801K, committed 7808K, reserved 1048576K
}
Event: 134.697 GC heap before
{Heap before GC invocations=1112 (full 28):
 PSYoungGen      total 18944K, used 18805K [0x00000000eab00000, 0x00000000ecb80000, 0x0000000100000000)
  eden space 5120K, 100% used [0x00000000eab00000,0x00000000eb000000,0x00000000eb000000)
  from space 13824K, 99% used [0x00000000ebe00000,0x00000000ecb5d7e0,0x00000000ecb80000)
  to   space 13824K, 0% used [0x00000000eb000000,0x00000000eb000000,0x00000000ebd80000)
 ParOldGen       total 335872K, used 321734K [0x00000000c0000000, 0x00000000d4800000, 0x00000000eab00000)
  object space 335872K, 95% used [0x00000000c0000000,0x00000000d3a31a68,0x00000000d4800000)
 Metaspace       used 70616K, capacity 74207K, committed 74288K, reserved 1116160K
  class space    used 6768K, capacity 7801K, committed 7808K, reserved 1048576K
}
Event: 134.707 GC heap after
{Heap after GC invocations=1112 (full 28):
 PSYoungGen      total 18944K, used 13804K [0x00000000eab00000, 0x00000000ed500000, 0x0000000100000000)
  eden space 5120K, 0% used [0x00000000eab00000,0x00000000eab00000,0x00000000eb000000)
  from space 13824K, 99% used [0x00000000eb000000,0x00000000ebd7b028,0x00000000ebd80000)
  to   space 18944K, 0% used [0x00000000ec280000,0x00000000ec280000,0x00000000ed500000)
 ParOldGen       total 335872K, used 326084K [0x00000000c0000000, 0x00000000d4800000, 0x00000000eab00000)
  object space 335872K, 97% used [0x00000000c0000000,0x00000000d3e71018,0x00000000d4800000)
 Metaspace       used 70616K, capacity 74207K, committed 74288K, reserved 1116160K
  class space    used 6768K, capacity 7801K, committed 7808K, reserved 1048576K
}
Event: 134.772 GC heap before
{Heap before GC invocations=1113 (full 28):
 PSYoungGen      total 18944K, used 18924K [0x00000000eab00000, 0x00000000ed500000, 0x0000000100000000)
  eden space 5120K, 100% used [0x00000000eab00000,0x00000000eb000000,0x00000000eb000000)
  from space 13824K, 99% used [0x00000000eb000000,0x00000000ebd7b028,0x00000000ebd80000)
  to   space 18944K, 0% used [0x00000000ec280000,0x00000000ec280000,0x00000000ed500000)
 ParOldGen       total 335872K, used 326084K [0x00000000c0000000, 0x00000000d4800000, 0x00000000eab00000)
  object space 335872K, 97% used [0x00000000c0000000,0x00000000d3e71018,0x00000000d4800000)
 Metaspace       used 70620K, capacity 74207K, committed 74288K, reserved 1116160K
  class space    used 6769K, capacity 7801K, committed 7808K, reserved 1048576K
}
Event: 134.781 GC heap after
{Heap after GC invocations=1113 (full 28):
 PSYoungGen      total 21504K, used 16330K [0x00000000eab00000, 0x00000000ed280000, 0x0000000100000000)
  eden space 5120K, 0% used [0x00000000eab00000,0x00000000eab00000,0x00000000eb000000)
  from space 16384K, 99% used [0x00000000ec280000,0x00000000ed2728f8,0x00000000ed280000)
  to   space 17408K, 0% used [0x00000000eb080000,0x00000000eb080000,0x00000000ec180000)
 ParOldGen       total 335872K, used 326124K [0x00000000c0000000, 0x00000000d4800000, 0x00000000eab00000)
  object space 335872K, 97% used [0x00000000c0000000,0x00000000d3e7b018,0x00000000d4800000)
 Metaspace       used 70620K, capacity 74207K, committed 74288K, reserved 1116160K
  class space    used 6769K, capacity 7801K, committed 7808K, reserved 1048576K
}
Event: 134.907 GC heap before
{Heap before GC invocations=1114 (full 28):
 PSYoungGen      total 21504K, used 21450K [0x00000000eab00000, 0x00000000ed280000, 0x0000000100000000)
  eden space 5120K, 100% used [0x00000000eab00000,0x00000000eb000000,0x00000000eb000000)
  from space 16384K, 99% used [0x00000000ec280000,0x00000000ed2728f8,0x00000000ed280000)
  to   space 17408K, 0% used [0x00000000eb080000,0x00000000eb080000,0x00000000ec180000)
 ParOldGen       total 335872K, used 326124K [0x00000000c0000000, 0x00000000d4800000, 0x00000000eab00000)
  object space 335872K, 97% used [0x00000000c0000000,0x00000000d3e7b018,0x00000000d4800000)
 Metaspace       used 70621K, capacity 74207K, committed 74288K, reserved 1116160K
  class space    used 6769K, capacity 7801K, committed 7808K, reserved 1048576K
}
Event: 134.915 GC heap after
{Heap after GC invocations=1114 (full 28):
 PSYoungGen      total 22528K, used 17378K [0x00000000eab00000, 0x00000000ed600000, 0x0000000100000000)
  eden space 5120K, 0% used [0x00000000eab00000,0x00000000eab00000,0x00000000eb000000)
  from space 17408K, 99% used [0x00000000eb080000,0x00000000ec178b18,0x00000000ec180000)
  to   space 19456K, 0% used [0x00000000ec300000,0x00000000ec300000,0x00000000ed600000)
 ParOldGen       total 335872K, used 327652K [0x00000000c0000000, 0x00000000d4800000, 0x00000000eab00000)
  object space 335872K, 97% used [0x00000000c0000000,0x00000000d3ff9368,0x00000000d4800000)
 Metaspace       used 70621K, capacity 74207K, committed 74288K, reserved 1116160K
  class space    used 6769K, capacity 7801K, committed 7808K, reserved 1048576K
}
Event: 134.963 GC heap before
{Heap before GC invocations=1115 (full 28):
 PSYoungGen      total 22528K, used 22498K [0x00000000eab00000, 0x00000000ed600000, 0x0000000100000000)
  eden space 5120K, 100% used [0x00000000eab00000,0x00000000eb000000,0x00000000eb000000)
  from space 17408K, 99% used [0x00000000eb080000,0x00000000ec178b18,0x00000000ec180000)
  to   space 19456K, 0% used [0x00000000ec300000,0x00000000ec300000,0x00000000ed600000)
 ParOldGen       total 335872K, used 327652K [0x00000000c0000000, 0x00000000d4800000, 0x00000000eab00000)
  object space 335872K, 97% used [0x00000000c0000000,0x00000000d3ff9368,0x00000000d4800000)
 Metaspace       used 70645K, capacity 74271K, committed 74288K, reserved 1116160K
  class space    used 6770K, capacity 7801K, committed 7808K, reserved 1048576K
}
Event: 134.971 GC heap after
{Heap after GC invocations=1115 (full 28):
 PSYoungGen      total 24064K, used 19345K [0x00000000eab00000, 0x00000000ed700000, 0x0000000100000000)
  eden space 4608K, 0% used [0x00000000eab00000,0x00000000eab00000,0x00000000eaf80000)
  from space 19456K, 99% used [0x00000000ec300000,0x00000000ed5e4530,0x00000000ed600000)
  to   space 19968K, 0% used [0x00000000eaf80000,0x00000000eaf80000,0x00000000ec300000)
 ParOldGen       total 335872K, used 327762K [0x00000000c0000000, 0x00000000d4800000, 0x00000000eab00000)
  object space 335872K, 97% used [0x00000000c0000000,0x00000000d4014a68,0x00000000d4800000)
 Metaspace       used 70645K, capacity 74271K, committed 74288K, reserved 1116160K
  class space    used 6770K, capacity 7801K, committed 7808K, reserved 1048576K
}
Event: 135.070 GC heap before
{Heap before GC invocations=1116 (full 28):
 PSYoungGen      total 24064K, used 23953K [0x00000000eab00000, 0x00000000ed700000, 0x0000000100000000)
  eden space 4608K, 100% used [0x00000000eab00000,0x00000000eaf80000,0x00000000eaf80000)
  from space 19456K, 99% used [0x00000000ec300000,0x00000000ed5e4530,0x00000000ed600000)
  to   space 19968K, 0% used [0x00000000eaf80000,0x00000000eaf80000,0x00000000ec300000)
 ParOldGen       total 335872K, used 327762K [0x00000000c0000000, 0x00000000d4800000, 0x00000000eab00000)
  object space 335872K, 97% used [0x00000000c0000000,0x00000000d4014a68,0x00000000d4800000)
 Metaspace       used 70721K, capacity 74335K, committed 74544K, reserved 1116160K
  class space    used 6770K, capacity 7801K, committed 7808K, reserved 1048576K
}
Event: 135.077 GC heap after
{Heap after GC invocations=1116 (full 28):
 PSYoungGen      total 24576K, used 19879K [0x00000000eab00000, 0x00000000ed780000, 0x0000000100000000)
  eden space 4608K, 0% used [0x00000000eab00000,0x00000000eab00000,0x00000000eaf80000)
  from space 19968K, 99% used [0x00000000eaf80000,0x00000000ec2e9fa8,0x00000000ec300000)
  to   space 20480K, 0% used [0x00000000ec380000,0x00000000ec380000,0x00000000ed780000)
 ParOldGen       total 335872K, used 328032K [0x00000000c0000000, 0x00000000d4800000, 0x00000000eab00000)
  object space 335872K, 97% used [0x00000000c0000000,0x00000000d40580e8,0x00000000d4800000)
 Metaspace       used 70721K, capacity 74335K, committed 74544K, reserved 1116160K
  class space    used 6770K, capacity 7801K, committed 7808K, reserved 1048576K
}
Event: 135.123 GC heap before
{Heap before GC invocations=1117 (full 28):
 PSYoungGen      total 24576K, used 24487K [0x00000000eab00000, 0x00000000ed780000, 0x0000000100000000)
  eden space 4608K, 100% used [0x00000000eab00000,0x00000000eaf80000,0x00000000eaf80000)
  from space 19968K, 99% used [0x00000000eaf80000,0x00000000ec2e9fa8,0x00000000ec300000)
  to   space 20480K, 0% used [0x00000000ec380000,0x00000000ec380000,0x00000000ed780000)
 ParOldGen       total 335872K, used 328032K [0x00000000c0000000, 0x00000000d4800000, 0x00000000eab00000)
  object space 335872K, 97% used [0x00000000c0000000,0x00000000d40580e8,0x00000000d4800000)
 Metaspace       used 70723K, capacity 74335K, committed 74544K, reserved 1116160K
  class space    used 6770K, capacity 7801K, committed 7808K, reserved 1048576K
}
Event: 135.131 GC heap after
{Heap after GC invocations=1117 (full 28):
 PSYoungGen      total 24576K, used 20384K [0x00000000eab00000, 0x00000000ed880000, 0x0000000100000000)
  eden space 4096K, 0% used [0x00000000eab00000,0x00000000eab00000,0x00000000eaf00000)
  from space 20480K, 99% used [0x00000000ec380000,0x00000000ed768090,0x00000000ed780000)
  to   space 20992K, 0% used [0x00000000eaf00000,0x00000000eaf00000,0x00000000ec380000)
 ParOldGen       total 335872K, used 328191K [0x00000000c0000000, 0x00000000d4800000, 0x00000000eab00000)
  object space 335872K, 97% used [0x00000000c0000000,0x00000000d407fc70,0x00000000d4800000)
 Metaspace       used 70723K, capacity 74335K, committed 74544K, reserved 1116160K
  class space    used 6770K, capacity 7801K, committed 7808K, reserved 1048576K
}
Event: 135.241 GC heap before
{Heap before GC invocations=1118 (full 28):
 PSYoungGen      total 24576K, used 24480K [0x00000000eab00000, 0x00000000ed880000, 0x0000000100000000)
  eden space 4096K, 100% used [0x00000000eab00000,0x00000000eaf00000,0x00000000eaf00000)
  from space 20480K, 99% used [0x00000000ec380000,0x00000000ed768090,0x00000000ed780000)
  to   space 20992K, 0% used [0x00000000eaf00000,0x00000000eaf00000,0x00000000ec380000)
 ParOldGen       total 335872K, used 328191K [0x00000000c0000000, 0x00000000d4800000, 0x00000000eab00000)
  object space 335872K, 97% used [0x00000000c0000000,0x00000000d407fc70,0x00000000d4800000)
 Metaspace       used 70723K, capacity 74335K, committed 74544K, reserved 1116160K
  class space    used 6770K, capacity 7801K, committed 7808K, reserved 1048576K
}
Event: 135.252 GC heap after
{Heap after GC invocations=1118 (full 28):
 PSYoungGen      total 18944K, used 14410K [0x00000000eab00000, 0x00000000ed000000, 0x0000000100000000)
  eden space 4096K, 0% used [0x00000000eab00000,0x00000000eab00000,0x00000000eaf00000)
  from space 14848K, 97% used [0x00000000eaf00000,0x00000000ebd12a28,0x00000000ebd80000)
  to   space 16896K, 0% used [0x00000000ebf80000,0x00000000ebf80000,0x00000000ed000000)
 ParOldGen       total 335872K, used 328303K [0x00000000c0000000, 0x00000000d4800000, 0x00000000eab00000)
  object space 335872K, 97% used [0x00000000c0000000,0x00000000d409bc70,0x00000000d4800000)
 Metaspace       used 70723K, capacity 74335K, committed 74544K, reserved 1116160K
  class space    used 6770K, capacity 7801K, committed 7808K, reserved 1048576K
}
Event: 135.315 GC heap before
{Heap before GC invocations=1119 (full 28):
 PSYoungGen      total 18944K, used 18506K [0x00000000eab00000, 0x00000000ed000000, 0x0000000100000000)
  eden space 4096K, 100% used [0x00000000eab00000,0x00000000eaf00000,0x00000000eaf00000)
  from space 14848K, 97% used [0x00000000eaf00000,0x00000000ebd12a28,0x00000000ebd80000)
  to   space 16896K, 0% used [0x00000000ebf80000,0x00000000ebf80000,0x00000000ed000000)
 ParOldGen       total 335872K, used 328303K [0x00000000c0000000, 0x00000000d4800000, 0x00000000eab00000)
  object space 335872K, 97% used [0x00000000c0000000,0x00000000d409bc70,0x00000000d4800000)
 Metaspace       used 70723K, capacity 74335K, committed 74544K, reserved 1116160K
  class space    used 6770K, capacity 7801K, committed 7808K, reserved 1048576K
}
Event: 135.322 GC heap after
{Heap after GC invocations=1119 (full 28):
 PSYoungGen      total 18944K, used 14360K [0x00000000eab00000, 0x00000000ece00000, 0x0000000100000000)
  eden space 4096K, 0% used [0x00000000eab00000,0x00000000eab00000,0x00000000eaf00000)
  from space 14848K, 96% used [0x00000000ebf80000,0x00000000ecd86040,0x00000000ece00000)
  to   space 14848K, 0% used [0x00000000eaf00000,0x00000000eaf00000,0x00000000ebd80000)
 ParOldGen       total 335872K, used 328367K [0x00000000c0000000, 0x00000000d4800000, 0x00000000eab00000)
  object space 335872K, 97% used [0x00000000c0000000,0x00000000d40abc70,0x00000000d4800000)
 Metaspace       used 70723K, capacity 74335K, committed 74544K, reserved 1116160K
  class space    used 6770K, capacity 7801K, committed 7808K, reserved 1048576K
}
Event: 135.340 GC heap before
{Heap before GC invocations=1120 (full 28):
 PSYoungGen      total 18944K, used 18456K [0x00000000eab00000, 0x00000000ece00000, 0x0000000100000000)
  eden space 4096K, 100% used [0x00000000eab00000,0x00000000eaf00000,0x00000000eaf00000)
  from space 14848K, 96% used [0x00000000ebf80000,0x00000000ecd86040,0x00000000ece00000)
  to   space 14848K, 0% used [0x00000000eaf00000,0x00000000eaf00000,0x00000000ebd80000)
 ParOldGen       total 335872K, used 328367K [0x00000000c0000000, 0x00000000d4800000, 0x00000000eab00000)
  object space 335872K, 97% used [0x00000000c0000000,0x00000000d40abc70,0x00000000d4800000)
 Metaspace       used 70723K, capacity 74335K, committed 74544K, reserved 1116160K
  class space    used 6770K, capacity 7801K, committed 7808K, reserved 1048576K
}
Event: 135.350 GC heap after
{Heap after GC invocations=1120 (full 28):
 PSYoungGen      total 13312K, used 9176K [0x00000000eab00000, 0x00000000ec600000, 0x0000000100000000)
  eden space 4096K, 0% used [0x00000000eab00000,0x00000000eab00000,0x00000000eaf00000)
  from space 9216K, 99% used [0x00000000eaf00000,0x00000000eb7f6008,0x00000000eb800000)
  to   space 11264K, 0% used [0x00000000ebb00000,0x00000000ebb00000,0x00000000ec600000)
 ParOldGen       total 335872K, used 333748K [0x00000000c0000000, 0x00000000d4800000, 0x00000000eab00000)
  object space 335872K, 99% used [0x00000000c0000000,0x00000000d45ed2b0,0x00000000d4800000)
 Metaspace       used 70723K, capacity 74335K, committed 74544K, reserved 1116160K
  class space    used 6770K, capacity 7801K, committed 7808K, reserved 1048576K
}
Event: 135.350 GC heap before
{Heap before GC invocations=1121 (full 29):
 PSYoungGen      total 13312K, used 9176K [0x00000000eab00000, 0x00000000ec600000, 0x0000000100000000)
  eden space 4096K, 0% used [0x00000000eab00000,0x00000000eab00000,0x00000000eaf00000)
  from space 9216K, 99% used [0x00000000eaf00000,0x00000000eb7f6008,0x00000000eb800000)
  to   space 11264K, 0% used [0x00000000ebb00000,0x00000000ebb00000,0x00000000ec600000)
 ParOldGen       total 335872K, used 333748K [0x00000000c0000000, 0x00000000d4800000, 0x00000000eab00000)
  object space 335872K, 99% used [0x00000000c0000000,0x00000000d45ed2b0,0x00000000d4800000)
 Metaspace       used 70723K, capacity 74335K, committed 74544K, reserved 1116160K
  class space    used 6770K, capacity 7801K, committed 7808K, reserved 1048576K
}

